<?xml version="1.0" encoding="UTF-8" ?>
<testsuite failures="0" time="0.82" errors="1" skipped="0" tests="2" name="com.actionbazaar.buslogic.MarshallingTest">
  <properties>
    <property name="java.runtime.name" value="Java(TM) SE Runtime Environment"/>
    <property name="sun.boot.library.path" value="/System/Library/Java/JavaVirtualMachines/1.6.0.jdk/Contents/Libraries"/>
    <property name="java.vm.version" value="20.6-b01-415"/>
    <property name="awt.nativeDoubleBuffering" value="true"/>
    <property name="gopherProxySet" value="false"/>
    <property name="mrj.build" value="11M3635"/>
    <property name="java.vm.vendor" value="Apple Inc."/>
    <property name="java.vendor.url" value="http://www.apple.com/"/>
    <property name="path.separator" value=":"/>
    <property name="java.vm.name" value="Java HotSpot(TM) 64-Bit Server VM"/>
    <property name="file.encoding.pkg" value="sun.io"/>
    <property name="user.country" value="US"/>
    <property name="sun.java.launcher" value="SUN_STANDARD"/>
    <property name="sun.os.patch.level" value="unknown"/>
    <property name="java.vm.specification.name" value="Java Virtual Machine Specification"/>
    <property name="user.dir" value="/Users/rcuprak/Projects/ActionBazaar/ActionBazaar/ActionBazaar-ejb"/>
    <property name="java.runtime.version" value="1.6.0_31-b04-415-11M3635"/>
    <property name="java.awt.graphicsenv" value="apple.awt.CGraphicsEnvironment"/>
    <property name="basedir" value="/Users/rcuprak/Projects/ActionBazaar/ActionBazaar/ActionBazaar-ejb"/>
    <property name="java.endorsed.dirs" value="/System/Library/Java/JavaVirtualMachines/1.6.0.jdk/Contents/Home/lib/endorsed"/>
    <property name="os.arch" value="x86_64"/>
    <property name="surefire.real.class.path" value="/Users/rcuprak/Projects/ActionBazaar/ActionBazaar/ActionBazaar-ejb/target/surefire/surefirebooter7693311216644469512.jar"/>
    <property name="java.io.tmpdir" value="/var/folders/7t/g3k9cwhd31b47wqmwb_cljp80000gn/T/"/>
    <property name="line.separator" value="
"/>
    <property name="java.vm.specification.vendor" value="Sun Microsystems Inc."/>
    <property name="os.name" value="Mac OS X"/>
    <property name="sun.jnu.encoding" value="MacRoman"/>
    <property name="java.library.path" value=".:/Library/Java/Extensions:/System/Library/Java/Extensions:/usr/lib/java"/>
    <property name="surefire.test.class.path" value="/Users/rcuprak/Projects/ActionBazaar/ActionBazaar/ActionBazaar-ejb/target/test-classes:/Users/rcuprak/Projects/ActionBazaar/ActionBazaar/ActionBazaar-ejb/target/classes:/Users/rcuprak/.m2/repository/org/jboss/spec/javax/transaction/jboss-transaction-api_1.1_spec/1.0.0.Beta1/jboss-transaction-api_1.1_spec-1.0.0.Beta1.jar:/Users/rcuprak/.m2/repository/javax/xml/jaxrpc-api/1.1/jaxrpc-api-1.1.jar:/Users/rcuprak/.m2/repository/javax/xml/soap/saaj-api/1.3/saaj-api-1.3.jar:/Users/rcuprak/.m2/repository/org/jboss/interceptor/jboss-interceptor-api/1.1/jboss-interceptor-api-1.1.jar:/Users/rcuprak/.m2/repository/javax/annotation/jsr250-api/1.0/jsr250-api-1.0.jar:/Users/rcuprak/.m2/repository/javax/inject/javax.inject/1/javax.inject-1.jar:/Users/rcuprak/.m2/repository/junit/junit/4.8.1/junit-4.8.1.jar:/Users/rcuprak/.m2/repository/org/jboss/arquillian/arquillian-junit/1.0.0.Alpha5/arquillian-junit-1.0.0.Alpha5.jar:/Users/rcuprak/.m2/repository/org/jboss/arquillian/arquillian-impl-base/1.0.0.Alpha5/arquillian-impl-base-1.0.0.Alpha5.jar:/Users/rcuprak/.m2/repository/org/jboss/arquillian/arquillian-api/1.0.0.Alpha5/arquillian-api-1.0.0.Alpha5.jar:/Users/rcuprak/.m2/repository/org/jboss/shrinkwrap/descriptors/shrinkwrap-descriptors-api/0.1.4/shrinkwrap-descriptors-api-0.1.4.jar:/Users/rcuprak/.m2/repository/org/jboss/shrinkwrap/shrinkwrap-api/1.0.0-alpha-12/shrinkwrap-api-1.0.0-alpha-12.jar:/Users/rcuprak/.m2/repository/org/jboss/shrinkwrap/shrinkwrap-impl-base/1.0.0-alpha-12/shrinkwrap-impl-base-1.0.0-alpha-12.jar:/Users/rcuprak/.m2/repository/org/jboss/shrinkwrap/shrinkwrap-spi/1.0.0-alpha-12/shrinkwrap-spi-1.0.0-alpha-12.jar:/Users/rcuprak/.m2/repository/org/jboss/shrinkwrap/resolver/shrinkwrap-resolver-api/1.0.0-alpha-12/shrinkwrap-resolver-api-1.0.0-alpha-12.jar:/Users/rcuprak/.m2/repository/org/jboss/shrinkwrap/resolver/shrinkwrap-resolver-api-maven/1.0.0-alpha-12/shrinkwrap-resolver-api-maven-1.0.0-alpha-12.jar:/Users/rcuprak/.m2/repository/org/jboss/shrinkwrap/resolver/shrinkwrap-resolver-impl-maven/1.0.0-alpha-12/shrinkwrap-resolver-impl-maven-1.0.0-alpha-12.jar:/Users/rcuprak/.m2/repository/org/sonatype/aether/aether-api/1.8/aether-api-1.8.jar:/Users/rcuprak/.m2/repository/org/sonatype/aether/aether-util/1.8/aether-util-1.8.jar:/Users/rcuprak/.m2/repository/org/sonatype/aether/aether-connector-wagon/1.8/aether-connector-wagon-1.8.jar:/Users/rcuprak/.m2/repository/org/sonatype/aether/aether-spi/1.8/aether-spi-1.8.jar:/Users/rcuprak/.m2/repository/org/codehaus/plexus/plexus-container-default/1.5.5/plexus-container-default-1.5.5.jar:/Users/rcuprak/.m2/repository/org/codehaus/plexus/plexus-classworlds/2.2.2/plexus-classworlds-2.2.2.jar:/Users/rcuprak/.m2/repository/org/apache/xbean/xbean-reflect/3.4/xbean-reflect-3.4.jar:/Users/rcuprak/.m2/repository/log4j/log4j/1.2.12/log4j-1.2.12.jar:/Users/rcuprak/.m2/repository/commons-logging/commons-logging-api/1.1/commons-logging-api-1.1.jar:/Users/rcuprak/.m2/repository/com/google/collections/google-collections/1.0/google-collections-1.0.jar:/Users/rcuprak/.m2/repository/org/apache/maven/maven-aether-provider/3.0.1/maven-aether-provider-3.0.1.jar:/Users/rcuprak/.m2/repository/org/apache/maven/maven-model/3.0.1/maven-model-3.0.1.jar:/Users/rcuprak/.m2/repository/org/apache/maven/maven-model-builder/3.0.1/maven-model-builder-3.0.1.jar:/Users/rcuprak/.m2/repository/org/apache/maven/maven-repository-metadata/3.0.1/maven-repository-metadata-3.0.1.jar:/Users/rcuprak/.m2/repository/org/sonatype/aether/aether-impl/1.8/aether-impl-1.8.jar:/Users/rcuprak/.m2/repository/org/codehaus/plexus/plexus-component-annotations/1.5.5/plexus-component-annotations-1.5.5.jar:/Users/rcuprak/.m2/repository/org/codehaus/plexus/plexus-utils/2.0.4/plexus-utils-2.0.4.jar:/Users/rcuprak/.m2/repository/org/apache/maven/maven-settings-builder/3.0.1/maven-settings-builder-3.0.1.jar:/Users/rcuprak/.m2/repository/org/codehaus/plexus/plexus-interpolation/1.14/plexus-interpolation-1.14.jar:/Users/rcuprak/.m2/repository/org/apache/maven/maven-settings/3.0.1/maven-settings-3.0.1.jar:/Users/rcuprak/.m2/repository/org/sonatype/plexus/plexus-sec-dispatcher/1.3/plexus-sec-dispatcher-1.3.jar:/Users/rcuprak/.m2/repository/org/sonatype/plexus/plexus-cipher/1.4/plexus-cipher-1.4.jar:/Users/rcuprak/.m2/repository/org/apache/maven/wagon/wagon-provider-api/1.0-beta-7/wagon-provider-api-1.0-beta-7.jar:/Users/rcuprak/.m2/repository/org/apache/maven/wagon/wagon-file/1.0-beta-7/wagon-file-1.0-beta-7.jar:/Users/rcuprak/.m2/repository/org/apache/maven/wagon/wagon-http-lightweight/1.0-beta-7/wagon-http-lightweight-1.0-beta-7.jar:/Users/rcuprak/.m2/repository/org/apache/maven/wagon/wagon-http-shared/1.0-beta-7/wagon-http-shared-1.0-beta-7.jar:/Users/rcuprak/.m2/repository/org/jboss/arquillian/container/arquillian-glassfish-embedded-3.1/1.0.0.Alpha5/arquillian-glassfish-embedded-3.1-1.0.0.Alpha5.jar:/Users/rcuprak/.m2/repository/org/jboss/arquillian/arquillian-spi/1.0.0.Alpha5/arquillian-spi-1.0.0.Alpha5.jar:/Users/rcuprak/.m2/repository/org/jboss/shrinkwrap/shrinkwrap-extension-glassfish/1.0.0-alpha-12/shrinkwrap-extension-glassfish-1.0.0-alpha-12.jar:/Users/rcuprak/.m2/repository/org/jboss/arquillian/protocol/arquillian-protocol-servlet/1.0.0.Alpha5/arquillian-protocol-servlet-1.0.0.Alpha5.jar:/Users/rcuprak/.m2/repository/org/jboss/arquillian/testenricher/arquillian-testenricher-cdi/1.0.0.Alpha5/arquillian-testenricher-cdi-1.0.0.Alpha5.jar:/Users/rcuprak/.m2/repository/org/jboss/arquillian/testenricher/arquillian-testenricher-ejb/1.0.0.Alpha5/arquillian-testenricher-ejb-1.0.0.Alpha5.jar:/Users/rcuprak/.m2/repository/org/jboss/arquillian/testenricher/arquillian-testenricher-resource/1.0.0.Alpha5/arquillian-testenricher-resource-1.0.0.Alpha5.jar:/Users/rcuprak/.m2/repository/org/glassfish/extras/glassfish-embedded-all/3.1/glassfish-embedded-all-3.1.jar:/Users/rcuprak/.m2/repository/javax/javaee-api/6.0/javaee-api-6.0.jar:/Users/rcuprak/.m2/repository/org/apache/commons/commons-email/1.1/commons-email-1.1.jar:/Users/rcuprak/.m2/repository/javax/mail/mail/1.4/mail-1.4.jar:/Users/rcuprak/.m2/repository/postgresql/postgresql/8.3-603.jdbc3/postgresql-8.3-603.jdbc3.jar:/Users/rcuprak/Projects/ActionBazaar/ActionBazaar/ActionBazaar-common/target/ActionBazaar-common.jar:/Users/rcuprak/.m2/repository/commons-validator/commons-validator/1.3.1/commons-validator-1.3.1.jar:/Users/rcuprak/.m2/repository/commons-beanutils/commons-beanutils/1.7.0/commons-beanutils-1.7.0.jar:/Users/rcuprak/.m2/repository/commons-digester/commons-digester/1.6/commons-digester-1.6.jar:/Users/rcuprak/.m2/repository/commons-collections/commons-collections/2.1/commons-collections-2.1.jar:/Users/rcuprak/.m2/repository/xml-apis/xml-apis/1.0.b2/xml-apis-1.0.b2.jar:/Users/rcuprak/.m2/repository/commons-logging/commons-logging/1.0.4/commons-logging-1.0.4.jar:/Users/rcuprak/.m2/repository/javax/activation/activation/1.1.1/activation-1.1.1.jar:"/>
    <property name="java.specification.name" value="Java Platform API Specification"/>
    <property name="java.class.version" value="50.0"/>
    <property name="sun.management.compiler" value="HotSpot 64-Bit Tiered Compilers"/>
    <property name="os.version" value="10.7.4"/>
    <property name="http.nonProxyHosts" value="local|*.local|169.254/16|*.169.254/16"/>
    <property name="user.home" value="/Users/rcuprak"/>
    <property name="user.timezone" value="America/New_York"/>
    <property name="java.awt.printerjob" value="apple.awt.CPrinterJob"/>
    <property name="java.specification.version" value="1.6"/>
    <property name="file.encoding" value="MacRoman"/>
    <property name="user.name" value="rcuprak"/>
    <property name="java.class.path" value="/Users/rcuprak/Projects/ActionBazaar/ActionBazaar/ActionBazaar-ejb/target/test-classes:/Users/rcuprak/Projects/ActionBazaar/ActionBazaar/ActionBazaar-ejb/target/classes:/Users/rcuprak/.m2/repository/org/jboss/spec/javax/transaction/jboss-transaction-api_1.1_spec/1.0.0.Beta1/jboss-transaction-api_1.1_spec-1.0.0.Beta1.jar:/Users/rcuprak/.m2/repository/javax/xml/jaxrpc-api/1.1/jaxrpc-api-1.1.jar:/Users/rcuprak/.m2/repository/javax/xml/soap/saaj-api/1.3/saaj-api-1.3.jar:/Users/rcuprak/.m2/repository/org/jboss/interceptor/jboss-interceptor-api/1.1/jboss-interceptor-api-1.1.jar:/Users/rcuprak/.m2/repository/javax/annotation/jsr250-api/1.0/jsr250-api-1.0.jar:/Users/rcuprak/.m2/repository/javax/inject/javax.inject/1/javax.inject-1.jar:/Users/rcuprak/.m2/repository/junit/junit/4.8.1/junit-4.8.1.jar:/Users/rcuprak/.m2/repository/org/jboss/arquillian/arquillian-junit/1.0.0.Alpha5/arquillian-junit-1.0.0.Alpha5.jar:/Users/rcuprak/.m2/repository/org/jboss/arquillian/arquillian-impl-base/1.0.0.Alpha5/arquillian-impl-base-1.0.0.Alpha5.jar:/Users/rcuprak/.m2/repository/org/jboss/arquillian/arquillian-api/1.0.0.Alpha5/arquillian-api-1.0.0.Alpha5.jar:/Users/rcuprak/.m2/repository/org/jboss/shrinkwrap/descriptors/shrinkwrap-descriptors-api/0.1.4/shrinkwrap-descriptors-api-0.1.4.jar:/Users/rcuprak/.m2/repository/org/jboss/shrinkwrap/shrinkwrap-api/1.0.0-alpha-12/shrinkwrap-api-1.0.0-alpha-12.jar:/Users/rcuprak/.m2/repository/org/jboss/shrinkwrap/shrinkwrap-impl-base/1.0.0-alpha-12/shrinkwrap-impl-base-1.0.0-alpha-12.jar:/Users/rcuprak/.m2/repository/org/jboss/shrinkwrap/shrinkwrap-spi/1.0.0-alpha-12/shrinkwrap-spi-1.0.0-alpha-12.jar:/Users/rcuprak/.m2/repository/org/jboss/shrinkwrap/resolver/shrinkwrap-resolver-api/1.0.0-alpha-12/shrinkwrap-resolver-api-1.0.0-alpha-12.jar:/Users/rcuprak/.m2/repository/org/jboss/shrinkwrap/resolver/shrinkwrap-resolver-api-maven/1.0.0-alpha-12/shrinkwrap-resolver-api-maven-1.0.0-alpha-12.jar:/Users/rcuprak/.m2/repository/org/jboss/shrinkwrap/resolver/shrinkwrap-resolver-impl-maven/1.0.0-alpha-12/shrinkwrap-resolver-impl-maven-1.0.0-alpha-12.jar:/Users/rcuprak/.m2/repository/org/sonatype/aether/aether-api/1.8/aether-api-1.8.jar:/Users/rcuprak/.m2/repository/org/sonatype/aether/aether-util/1.8/aether-util-1.8.jar:/Users/rcuprak/.m2/repository/org/sonatype/aether/aether-connector-wagon/1.8/aether-connector-wagon-1.8.jar:/Users/rcuprak/.m2/repository/org/sonatype/aether/aether-spi/1.8/aether-spi-1.8.jar:/Users/rcuprak/.m2/repository/org/codehaus/plexus/plexus-container-default/1.5.5/plexus-container-default-1.5.5.jar:/Users/rcuprak/.m2/repository/org/codehaus/plexus/plexus-classworlds/2.2.2/plexus-classworlds-2.2.2.jar:/Users/rcuprak/.m2/repository/org/apache/xbean/xbean-reflect/3.4/xbean-reflect-3.4.jar:/Users/rcuprak/.m2/repository/log4j/log4j/1.2.12/log4j-1.2.12.jar:/Users/rcuprak/.m2/repository/commons-logging/commons-logging-api/1.1/commons-logging-api-1.1.jar:/Users/rcuprak/.m2/repository/com/google/collections/google-collections/1.0/google-collections-1.0.jar:/Users/rcuprak/.m2/repository/org/apache/maven/maven-aether-provider/3.0.1/maven-aether-provider-3.0.1.jar:/Users/rcuprak/.m2/repository/org/apache/maven/maven-model/3.0.1/maven-model-3.0.1.jar:/Users/rcuprak/.m2/repository/org/apache/maven/maven-model-builder/3.0.1/maven-model-builder-3.0.1.jar:/Users/rcuprak/.m2/repository/org/apache/maven/maven-repository-metadata/3.0.1/maven-repository-metadata-3.0.1.jar:/Users/rcuprak/.m2/repository/org/sonatype/aether/aether-impl/1.8/aether-impl-1.8.jar:/Users/rcuprak/.m2/repository/org/codehaus/plexus/plexus-component-annotations/1.5.5/plexus-component-annotations-1.5.5.jar:/Users/rcuprak/.m2/repository/org/codehaus/plexus/plexus-utils/2.0.4/plexus-utils-2.0.4.jar:/Users/rcuprak/.m2/repository/org/apache/maven/maven-settings-builder/3.0.1/maven-settings-builder-3.0.1.jar:/Users/rcuprak/.m2/repository/org/codehaus/plexus/plexus-interpolation/1.14/plexus-interpolation-1.14.jar:/Users/rcuprak/.m2/repository/org/apache/maven/maven-settings/3.0.1/maven-settings-3.0.1.jar:/Users/rcuprak/.m2/repository/org/sonatype/plexus/plexus-sec-dispatcher/1.3/plexus-sec-dispatcher-1.3.jar:/Users/rcuprak/.m2/repository/org/sonatype/plexus/plexus-cipher/1.4/plexus-cipher-1.4.jar:/Users/rcuprak/.m2/repository/org/apache/maven/wagon/wagon-provider-api/1.0-beta-7/wagon-provider-api-1.0-beta-7.jar:/Users/rcuprak/.m2/repository/org/apache/maven/wagon/wagon-file/1.0-beta-7/wagon-file-1.0-beta-7.jar:/Users/rcuprak/.m2/repository/org/apache/maven/wagon/wagon-http-lightweight/1.0-beta-7/wagon-http-lightweight-1.0-beta-7.jar:/Users/rcuprak/.m2/repository/org/apache/maven/wagon/wagon-http-shared/1.0-beta-7/wagon-http-shared-1.0-beta-7.jar:/Users/rcuprak/.m2/repository/org/jboss/arquillian/container/arquillian-glassfish-embedded-3.1/1.0.0.Alpha5/arquillian-glassfish-embedded-3.1-1.0.0.Alpha5.jar:/Users/rcuprak/.m2/repository/org/jboss/arquillian/arquillian-spi/1.0.0.Alpha5/arquillian-spi-1.0.0.Alpha5.jar:/Users/rcuprak/.m2/repository/org/jboss/shrinkwrap/shrinkwrap-extension-glassfish/1.0.0-alpha-12/shrinkwrap-extension-glassfish-1.0.0-alpha-12.jar:/Users/rcuprak/.m2/repository/org/jboss/arquillian/protocol/arquillian-protocol-servlet/1.0.0.Alpha5/arquillian-protocol-servlet-1.0.0.Alpha5.jar:/Users/rcuprak/.m2/repository/org/jboss/arquillian/testenricher/arquillian-testenricher-cdi/1.0.0.Alpha5/arquillian-testenricher-cdi-1.0.0.Alpha5.jar:/Users/rcuprak/.m2/repository/org/jboss/arquillian/testenricher/arquillian-testenricher-ejb/1.0.0.Alpha5/arquillian-testenricher-ejb-1.0.0.Alpha5.jar:/Users/rcuprak/.m2/repository/org/jboss/arquillian/testenricher/arquillian-testenricher-resource/1.0.0.Alpha5/arquillian-testenricher-resource-1.0.0.Alpha5.jar:/Users/rcuprak/.m2/repository/org/glassfish/extras/glassfish-embedded-all/3.1/glassfish-embedded-all-3.1.jar:/Users/rcuprak/.m2/repository/javax/javaee-api/6.0/javaee-api-6.0.jar:/Users/rcuprak/.m2/repository/org/apache/commons/commons-email/1.1/commons-email-1.1.jar:/Users/rcuprak/.m2/repository/javax/mail/mail/1.4/mail-1.4.jar:/Users/rcuprak/.m2/repository/postgresql/postgresql/8.3-603.jdbc3/postgresql-8.3-603.jdbc3.jar:/Users/rcuprak/Projects/ActionBazaar/ActionBazaar/ActionBazaar-common/target/ActionBazaar-common.jar:/Users/rcuprak/.m2/repository/commons-validator/commons-validator/1.3.1/commons-validator-1.3.1.jar:/Users/rcuprak/.m2/repository/commons-beanutils/commons-beanutils/1.7.0/commons-beanutils-1.7.0.jar:/Users/rcuprak/.m2/repository/commons-digester/commons-digester/1.6/commons-digester-1.6.jar:/Users/rcuprak/.m2/repository/commons-collections/commons-collections/2.1/commons-collections-2.1.jar:/Users/rcuprak/.m2/repository/xml-apis/xml-apis/1.0.b2/xml-apis-1.0.b2.jar:/Users/rcuprak/.m2/repository/commons-logging/commons-logging/1.0.4/commons-logging-1.0.4.jar:/Users/rcuprak/.m2/repository/javax/activation/activation/1.1.1/activation-1.1.1.jar:"/>
    <property name="java.vm.specification.version" value="1.0"/>
    <property name="sun.arch.data.model" value="64"/>
    <property name="java.home" value="/System/Library/Java/JavaVirtualMachines/1.6.0.jdk/Contents/Home"/>
    <property name="sun.java.command" value="/Users/rcuprak/Projects/ActionBazaar/ActionBazaar/ActionBazaar-ejb/target/surefire/surefirebooter7693311216644469512.jar /Users/rcuprak/Projects/ActionBazaar/ActionBazaar/ActionBazaar-ejb/target/surefire/surefire3631004794752117399tmp /Users/rcuprak/Projects/ActionBazaar/ActionBazaar/ActionBazaar-ejb/target/surefire/surefire3555166083530711747tmp"/>
    <property name="java.specification.vendor" value="Sun Microsystems Inc."/>
    <property name="user.language" value="en"/>
    <property name="awt.toolkit" value="apple.awt.CToolkit"/>
    <property name="java.vm.info" value="mixed mode"/>
    <property name="java.version" value="1.6.0_31"/>
    <property name="java.ext.dirs" value="/Library/Java/Extensions:/System/Library/Java/Extensions:/System/Library/Java/JavaVirtualMachines/1.6.0.jdk/Contents/Home/lib/ext"/>
    <property name="sun.boot.class.path" value="/System/Library/Java/JavaVirtualMachines/1.6.0.jdk/Contents/Classes/jsfd.jar:/System/Library/Java/JavaVirtualMachines/1.6.0.jdk/Contents/Classes/classes.jar:/System/Library/Frameworks/JavaVM.framework/Frameworks/JavaRuntimeSupport.framework/Resources/Java/JavaRuntimeSupport.jar:/System/Library/Java/JavaVirtualMachines/1.6.0.jdk/Contents/Classes/ui.jar:/System/Library/Java/JavaVirtualMachines/1.6.0.jdk/Contents/Classes/laf.jar:/System/Library/Java/JavaVirtualMachines/1.6.0.jdk/Contents/Classes/sunrsasign.jar:/System/Library/Java/JavaVirtualMachines/1.6.0.jdk/Contents/Classes/jsse.jar:/System/Library/Java/JavaVirtualMachines/1.6.0.jdk/Contents/Classes/jce.jar:/System/Library/Java/JavaVirtualMachines/1.6.0.jdk/Contents/Classes/charsets.jar"/>
    <property name="java.vendor" value="Apple Inc."/>
    <property name="localRepository" value="/Users/rcuprak/.m2/repository"/>
    <property name="file.separator" value="/"/>
    <property name="java.vendor.url.bug" value="http://bugreport.apple.com/"/>
    <property name="sun.cpu.endian" value="little"/>
    <property name="sun.io.unicode.encoding" value="UnicodeLittle"/>
    <property name="mrj.version" value="1070.1.6.0_31-415"/>
    <property name="socksNonProxyHosts" value="local|*.local|169.254/16|*.169.254/16"/>
    <property name="ftp.nonProxyHosts" value="local|*.local|169.254/16|*.169.254/16"/>
    <property name="sun.cpu.isalist" value=""/>
  </properties>
  <testcase time="0.654" classname="com.actionbazaar.buslogic.MarshallingTest" name="testBidderMarshalling">
    <error type="javax.xml.bind.MarshalException">javax.xml.bind.MarshalException
 - with linked exception:
[com.sun.istack.SAXException2: unable to marshal type &quot;com.actionbazaar.account.Bidder&quot; as an element because it is missing an @XmlRootElement annotation]
	at com.sun.xml.bind.v2.runtime.MarshallerImpl.write(MarshallerImpl.java:323)
	at com.sun.xml.bind.v2.runtime.MarshallerImpl.marshal(MarshallerImpl.java:249)
	at javax.xml.bind.helpers.AbstractMarshallerImpl.marshal(AbstractMarshallerImpl.java:96)
	at com.actionbazaar.buslogic.MarshallingTest.testBidderMarshalling(MarshallingTest.java:48)
	at sun.reflect.NativeMethodAccessorImpl.invoke0(Native Method)
	at sun.reflect.NativeMethodAccessorImpl.invoke(NativeMethodAccessorImpl.java:39)
	at sun.reflect.DelegatingMethodAccessorImpl.invoke(DelegatingMethodAccessorImpl.java:25)
	at java.lang.reflect.Method.invoke(Method.java:597)
	at org.junit.runners.model.FrameworkMethod$1.runReflectiveCall(FrameworkMethod.java:44)
	at org.junit.internal.runners.model.ReflectiveCallable.run(ReflectiveCallable.java:15)
	at org.junit.runners.model.FrameworkMethod.invokeExplosively(FrameworkMethod.java:41)
	at org.junit.internal.runners.statements.InvokeMethod.evaluate(InvokeMethod.java:20)
	at org.junit.runners.BlockJUnit4ClassRunner.runChild(BlockJUnit4ClassRunner.java:76)
	at org.junit.runners.BlockJUnit4ClassRunner.runChild(BlockJUnit4ClassRunner.java:50)
	at org.junit.runners.ParentRunner$3.run(ParentRunner.java:193)
	at org.junit.runners.ParentRunner$1.schedule(ParentRunner.java:52)
	at org.junit.runners.ParentRunner.runChildren(ParentRunner.java:191)
	at org.junit.runners.ParentRunner.access$000(ParentRunner.java:42)
	at org.junit.runners.ParentRunner$2.evaluate(ParentRunner.java:184)
	at org.junit.runners.ParentRunner.run(ParentRunner.java:236)
	at org.apache.maven.surefire.junit4.JUnit4TestSet.execute(JUnit4TestSet.java:53)
	at org.apache.maven.surefire.junit4.JUnit4Provider.executeTestSet(JUnit4Provider.java:119)
	at org.apache.maven.surefire.junit4.JUnit4Provider.invoke(JUnit4Provider.java:101)
	at sun.reflect.NativeMethodAccessorImpl.invoke0(Native Method)
	at sun.reflect.NativeMethodAccessorImpl.invoke(NativeMethodAccessorImpl.java:39)
	at sun.reflect.DelegatingMethodAccessorImpl.invoke(DelegatingMethodAccessorImpl.java:25)
	at java.lang.reflect.Method.invoke(Method.java:597)
	at org.apache.maven.surefire.booter.ProviderFactory$ClassLoaderProxy.invoke(ProviderFactory.java:103)
	at $Proxy0.invoke(Unknown Source)
	at org.apache.maven.surefire.booter.SurefireStarter.invokeProvider(SurefireStarter.java:150)
	at org.apache.maven.surefire.booter.SurefireStarter.runSuitesInProcess(SurefireStarter.java:91)
	at org.apache.maven.surefire.booter.ForkedBooter.main(ForkedBooter.java:69)
Caused by: com.sun.istack.SAXException2: unable to marshal type &quot;com.actionbazaar.account.Bidder&quot; as an element because it is missing an @XmlRootElement annotation
	at com.sun.xml.bind.v2.runtime.XMLSerializer.reportError(XMLSerializer.java:252)
	at com.sun.xml.bind.v2.runtime.ClassBeanInfoImpl.serializeRoot(ClassBeanInfoImpl.java:324)
	at com.sun.xml.bind.v2.runtime.XMLSerializer.childAsRoot(XMLSerializer.java:498)
	at com.sun.xml.bind.v2.runtime.MarshallerImpl.write(MarshallerImpl.java:320)
	... 31 more
</error>
    <system-out>@HL
@HL-------------------------------------------------------
@HL T E S T S
@HL-------------------------------------------------------
@SLRunning com.actionbazaar.buslogic.MarshallingTest
</system-out>
  </testcase>
  <testcase time="0.121" classname="com.actionbazaar.buslogic.MarshallingTest" name="testBidMarshalling"/>
</testsuite>