<?xml version="1.0" encoding="UTF-8" ?>
<testsuite failures="0" time="44.455" errors="0" skipped="0" tests="2" name="com.actionbazaar.persistence.BasicPersistenceTest">
  <properties>
    <property name="java.vendor" value="Apple Inc."/>
    <property name="localRepository" value="/Users/rcuprak/.m2/repository"/>
    <property name="sun.java.launcher" value="SUN_STANDARD"/>
    <property name="catalina.base" value="/var/folders/7t/g3k9cwhd31b47wqmwb_cljp80000gn/T/gfembed2486392496273581816tmp"/>
    <property name="sun.management.compiler" value="HotSpot 64-Bit Tiered Compilers"/>
    <property name="eclipselink.security.usedoprivileged" value="true"/>
    <property name="com.sun.enterprise.jaccprovider.property.repository" value="/var/folders/7t/g3k9cwhd31b47wqmwb_cljp80000gn/T/gfembed2486392496273581816tmp/generated/policy"/>
    <property name="catalina.useNaming" value="false"/>
    <property name="os.name" value="Mac OS X"/>
    <property name="sun.boot.class.path" value="/System/Library/Java/JavaVirtualMachines/1.6.0.jdk/Contents/Classes/jsfd.jar:/System/Library/Java/JavaVirtualMachines/1.6.0.jdk/Contents/Classes/classes.jar:/System/Library/Frameworks/JavaVM.framework/Frameworks/JavaRuntimeSupport.framework/Resources/Java/JavaRuntimeSupport.jar:/System/Library/Java/JavaVirtualMachines/1.6.0.jdk/Contents/Classes/ui.jar:/System/Library/Java/JavaVirtualMachines/1.6.0.jdk/Contents/Classes/laf.jar:/System/Library/Java/JavaVirtualMachines/1.6.0.jdk/Contents/Classes/sunrsasign.jar:/System/Library/Java/JavaVirtualMachines/1.6.0.jdk/Contents/Classes/jsse.jar:/System/Library/Java/JavaVirtualMachines/1.6.0.jdk/Contents/Classes/jce.jar:/System/Library/Java/JavaVirtualMachines/1.6.0.jdk/Contents/Classes/charsets.jar"/>
    <property name="javax.security.jacc.PolicyConfigurationFactory.provider" value="com.sun.enterprise.security.provider.PolicyConfigurationFactoryImpl"/>
    <property name="felix.fileinstall.poll" value="5000"/>
    <property name="java.vm.specification.vendor" value="Sun Microsystems Inc."/>
    <property name="osgi.shell.telnet.maxconn" value="1"/>
    <property name="java.runtime.version" value="1.6.0_31-b04-415-11M3635"/>
    <property name="javax.net.ssl.keyStore" value="/var/folders/7t/g3k9cwhd31b47wqmwb_cljp80000gn/T/gfembed2486392496273581816tmp/config/keystore.jks"/>
    <property name="user.name" value="rcuprak"/>
    <property name="web.home" value="/var/folders/7t/g3k9cwhd31b47wqmwb_cljp80000gn/T/gfembed2486392496273581816tmp/modules/web"/>
    <property name="shared.loader" value="${catalina.home}/shared/classes,${catalina.home}/shared/lib/*.jar"/>
    <property name="osgi.shell.telnet.ip" value="127.0.0.1"/>
    <property name="awt.nativeDoubleBuffering" value="true"/>
    <property name="com.sun.enterprise.config.config_environment_factory_class" value="com.sun.enterprise.config.serverbeans.AppserverConfigEnvironmentFactory"/>
    <property name="felix.fileinstall.log.level" value="2"/>
    <property name="user.language" value="en"/>
    <property name="sun.boot.library.path" value="/System/Library/Java/JavaVirtualMachines/1.6.0.jdk/Contents/Libraries"/>
    <property name="com.sun.aas.javaRoot" value="/System/Library/Java/JavaVirtualMachines/1.6.0.jdk/Contents/Home"/>
    <property name="java.version" value="1.6.0_31"/>
    <property name="com.sun.aas.instanceRootURI" value="file:/var/folders/7t/g3k9cwhd31b47wqmwb_cljp80000gn/T/gfembed2486392496273581816tmp/"/>
    <property name="user.timezone" value="America/New_York"/>
    <property name="sun.arch.data.model" value="64"/>
    <property name="webservices.home" value="/var/folders/7t/g3k9cwhd31b47wqmwb_cljp80000gn/T/gfembed2486392496273581816tmp/modules/webservices"/>
    <property name="javax.rmi.CORBA.UtilClass" value="com.sun.corba.ee.impl.javax.rmi.CORBA.Util"/>
    <property name="http.nonProxyHosts" value="local|*.local|169.254/16|*.169.254/16"/>
    <property name="java.endorsed.dirs" value="/var/folders/7t/g3k9cwhd31b47wqmwb_cljp80000gn/T/gfembed2486392496273581816tmp/modules/endorsed:/var/folders/7t/g3k9cwhd31b47wqmwb_cljp80000gn/T/gfembed2486392496273581816tmp/lib/endorsed"/>
    <property name="com.sun.aas.installRoot" value="/var/folders/7t/g3k9cwhd31b47wqmwb_cljp80000gn/T/gfembed2486392496273581816tmp"/>
    <property name="java.rmi.server.randomIDs" value="true"/>
    <property name="sun.cpu.isalist" value=""/>
    <property name="sun.jnu.encoding" value="MacRoman"/>
    <property name="file.encoding.pkg" value="sun.io"/>
    <property name="package.access" value=""/>
    <property name="file.separator" value="/"/>
    <property name="java.specification.name" value="Java Platform API Specification"/>
    <property name="com.sun.enterprise.J2EEServerId" value="100"/>
    <property name="java.class.version" value="50.0"/>
    <property name="user.country" value="US"/>
    <property name="java.home" value="/System/Library/Java/JavaVirtualMachines/1.6.0.jdk/Contents/Home"/>
    <property name="felix.fileinstall.dir" value="/var/folders/7t/g3k9cwhd31b47wqmwb_cljp80000gn/T/gfembed2486392496273581816tmp/modules/autostart/"/>
    <property name="java.vm.info" value="mixed mode"/>
    <property name="os.version" value="10.7.4"/>
    <property name="com.sun.aas.productRoot" value="/var/folders/7t/g3k9cwhd31b47wqmwb_cljp80000gn/T"/>
    <property name="surefire.real.class.path" value="/Users/rcuprak/Projects/ActionBazaar/ActionBazaar/ActionBazaar-ejb/target/surefire/surefirebooter7693311216644469512.jar"/>
    <property name="org.omg.CORBA.ORBSingletonClass" value="com.sun.corba.ee.impl.orb.ORBSingleton"/>
    <property name="com.sun.aas.installRootURI" value="file:/var/folders/7t/g3k9cwhd31b47wqmwb_cljp80000gn/T/gfembed2486392496273581816tmp/"/>
    <property name="path.separator" value=":"/>
    <property name="java.vm.version" value="20.6-b01-415"/>
    <property name="jdbc.drivers" value="org.apache.derby.jdbc.ClientDriver"/>
    <property name="java.awt.printerjob" value="apple.awt.CPrinterJob"/>
    <property name="java.security.policy" value="/var/folders/7t/g3k9cwhd31b47wqmwb_cljp80000gn/T/gfembed2486392496273581816tmp/config/server.policy"/>
    <property name="sun.io.unicode.encoding" value="UnicodeLittle"/>
    <property name="com.sun.aas.hostName" value="Beagle"/>
    <property name="awt.toolkit" value="apple.awt.CToolkit"/>
    <property name="socksNonProxyHosts" value="local|*.local|169.254/16|*.169.254/16"/>
    <property name="ftp.nonProxyHosts" value="local|*.local|169.254/16|*.169.254/16"/>
    <property name="package.definition" value=""/>
    <property name="felix.fileinstall.disableConfigSave" value="false"/>
    <property name="user.home" value="/Users/rcuprak"/>
    <property name="com.sun.aas.instanceName" value="server"/>
    <property name="com.sun.aas.configRoot" value="/var/folders/7t/g3k9cwhd31b47wqmwb_cljp80000gn/T/gfembed2486392496273581816tmp/config"/>
    <property name="java.specification.vendor" value="Sun Microsystems Inc."/>
    <property name="java.library.path" value=".:/Library/Java/Extensions:/System/Library/Java/Extensions:/usr/lib/java"/>
    <property name="java.vendor.url" value="http://www.apple.com/"/>
    <property name="javax.rmi.CORBA.StubClass" value="com.sun.corba.ee.impl.javax.rmi.CORBA.StubDelegateImpl"/>
    <property name="gopherProxySet" value="false"/>
    <property name="java.vm.vendor" value="Apple Inc."/>
    <property name="common.loader" value="${catalina.home}/common/classes,${catalina.home}/common/endorsed/*.jar,${catalina.home}/common/lib/*.jar"/>
    <property name="java.runtime.name" value="Java(TM) SE Runtime Environment"/>
    <property name="java.class.path" value="/Users/rcuprak/Projects/ActionBazaar/ActionBazaar/ActionBazaar-ejb/target/test-classes:/Users/rcuprak/Projects/ActionBazaar/ActionBazaar/ActionBazaar-ejb/target/classes:/Users/rcuprak/.m2/repository/org/jboss/spec/javax/transaction/jboss-transaction-api_1.1_spec/1.0.0.Beta1/jboss-transaction-api_1.1_spec-1.0.0.Beta1.jar:/Users/rcuprak/.m2/repository/javax/xml/jaxrpc-api/1.1/jaxrpc-api-1.1.jar:/Users/rcuprak/.m2/repository/javax/xml/soap/saaj-api/1.3/saaj-api-1.3.jar:/Users/rcuprak/.m2/repository/org/jboss/interceptor/jboss-interceptor-api/1.1/jboss-interceptor-api-1.1.jar:/Users/rcuprak/.m2/repository/javax/annotation/jsr250-api/1.0/jsr250-api-1.0.jar:/Users/rcuprak/.m2/repository/javax/inject/javax.inject/1/javax.inject-1.jar:/Users/rcuprak/.m2/repository/junit/junit/4.8.1/junit-4.8.1.jar:/Users/rcuprak/.m2/repository/org/jboss/arquillian/arquillian-junit/1.0.0.Alpha5/arquillian-junit-1.0.0.Alpha5.jar:/Users/rcuprak/.m2/repository/org/jboss/arquillian/arquillian-impl-base/1.0.0.Alpha5/arquillian-impl-base-1.0.0.Alpha5.jar:/Users/rcuprak/.m2/repository/org/jboss/arquillian/arquillian-api/1.0.0.Alpha5/arquillian-api-1.0.0.Alpha5.jar:/Users/rcuprak/.m2/repository/org/jboss/shrinkwrap/descriptors/shrinkwrap-descriptors-api/0.1.4/shrinkwrap-descriptors-api-0.1.4.jar:/Users/rcuprak/.m2/repository/org/jboss/shrinkwrap/shrinkwrap-api/1.0.0-alpha-12/shrinkwrap-api-1.0.0-alpha-12.jar:/Users/rcuprak/.m2/repository/org/jboss/shrinkwrap/shrinkwrap-impl-base/1.0.0-alpha-12/shrinkwrap-impl-base-1.0.0-alpha-12.jar:/Users/rcuprak/.m2/repository/org/jboss/shrinkwrap/shrinkwrap-spi/1.0.0-alpha-12/shrinkwrap-spi-1.0.0-alpha-12.jar:/Users/rcuprak/.m2/repository/org/jboss/shrinkwrap/resolver/shrinkwrap-resolver-api/1.0.0-alpha-12/shrinkwrap-resolver-api-1.0.0-alpha-12.jar:/Users/rcuprak/.m2/repository/org/jboss/shrinkwrap/resolver/shrinkwrap-resolver-api-maven/1.0.0-alpha-12/shrinkwrap-resolver-api-maven-1.0.0-alpha-12.jar:/Users/rcuprak/.m2/repository/org/jboss/shrinkwrap/resolver/shrinkwrap-resolver-impl-maven/1.0.0-alpha-12/shrinkwrap-resolver-impl-maven-1.0.0-alpha-12.jar:/Users/rcuprak/.m2/repository/org/sonatype/aether/aether-api/1.8/aether-api-1.8.jar:/Users/rcuprak/.m2/repository/org/sonatype/aether/aether-util/1.8/aether-util-1.8.jar:/Users/rcuprak/.m2/repository/org/sonatype/aether/aether-connector-wagon/1.8/aether-connector-wagon-1.8.jar:/Users/rcuprak/.m2/repository/org/sonatype/aether/aether-spi/1.8/aether-spi-1.8.jar:/Users/rcuprak/.m2/repository/org/codehaus/plexus/plexus-container-default/1.5.5/plexus-container-default-1.5.5.jar:/Users/rcuprak/.m2/repository/org/codehaus/plexus/plexus-classworlds/2.2.2/plexus-classworlds-2.2.2.jar:/Users/rcuprak/.m2/repository/org/apache/xbean/xbean-reflect/3.4/xbean-reflect-3.4.jar:/Users/rcuprak/.m2/repository/log4j/log4j/1.2.12/log4j-1.2.12.jar:/Users/rcuprak/.m2/repository/commons-logging/commons-logging-api/1.1/commons-logging-api-1.1.jar:/Users/rcuprak/.m2/repository/com/google/collections/google-collections/1.0/google-collections-1.0.jar:/Users/rcuprak/.m2/repository/org/apache/maven/maven-aether-provider/3.0.1/maven-aether-provider-3.0.1.jar:/Users/rcuprak/.m2/repository/org/apache/maven/maven-model/3.0.1/maven-model-3.0.1.jar:/Users/rcuprak/.m2/repository/org/apache/maven/maven-model-builder/3.0.1/maven-model-builder-3.0.1.jar:/Users/rcuprak/.m2/repository/org/apache/maven/maven-repository-metadata/3.0.1/maven-repository-metadata-3.0.1.jar:/Users/rcuprak/.m2/repository/org/sonatype/aether/aether-impl/1.8/aether-impl-1.8.jar:/Users/rcuprak/.m2/repository/org/codehaus/plexus/plexus-component-annotations/1.5.5/plexus-component-annotations-1.5.5.jar:/Users/rcuprak/.m2/repository/org/codehaus/plexus/plexus-utils/2.0.4/plexus-utils-2.0.4.jar:/Users/rcuprak/.m2/repository/org/apache/maven/maven-settings-builder/3.0.1/maven-settings-builder-3.0.1.jar:/Users/rcuprak/.m2/repository/org/codehaus/plexus/plexus-interpolation/1.14/plexus-interpolation-1.14.jar:/Users/rcuprak/.m2/repository/org/apache/maven/maven-settings/3.0.1/maven-settings-3.0.1.jar:/Users/rcuprak/.m2/repository/org/sonatype/plexus/plexus-sec-dispatcher/1.3/plexus-sec-dispatcher-1.3.jar:/Users/rcuprak/.m2/repository/org/sonatype/plexus/plexus-cipher/1.4/plexus-cipher-1.4.jar:/Users/rcuprak/.m2/repository/org/apache/maven/wagon/wagon-provider-api/1.0-beta-7/wagon-provider-api-1.0-beta-7.jar:/Users/rcuprak/.m2/repository/org/apache/maven/wagon/wagon-file/1.0-beta-7/wagon-file-1.0-beta-7.jar:/Users/rcuprak/.m2/repository/org/apache/maven/wagon/wagon-http-lightweight/1.0-beta-7/wagon-http-lightweight-1.0-beta-7.jar:/Users/rcuprak/.m2/repository/org/apache/maven/wagon/wagon-http-shared/1.0-beta-7/wagon-http-shared-1.0-beta-7.jar:/Users/rcuprak/.m2/repository/org/jboss/arquillian/container/arquillian-glassfish-embedded-3.1/1.0.0.Alpha5/arquillian-glassfish-embedded-3.1-1.0.0.Alpha5.jar:/Users/rcuprak/.m2/repository/org/jboss/arquillian/arquillian-spi/1.0.0.Alpha5/arquillian-spi-1.0.0.Alpha5.jar:/Users/rcuprak/.m2/repository/org/jboss/shrinkwrap/shrinkwrap-extension-glassfish/1.0.0-alpha-12/shrinkwrap-extension-glassfish-1.0.0-alpha-12.jar:/Users/rcuprak/.m2/repository/org/jboss/arquillian/protocol/arquillian-protocol-servlet/1.0.0.Alpha5/arquillian-protocol-servlet-1.0.0.Alpha5.jar:/Users/rcuprak/.m2/repository/org/jboss/arquillian/testenricher/arquillian-testenricher-cdi/1.0.0.Alpha5/arquillian-testenricher-cdi-1.0.0.Alpha5.jar:/Users/rcuprak/.m2/repository/org/jboss/arquillian/testenricher/arquillian-testenricher-ejb/1.0.0.Alpha5/arquillian-testenricher-ejb-1.0.0.Alpha5.jar:/Users/rcuprak/.m2/repository/org/jboss/arquillian/testenricher/arquillian-testenricher-resource/1.0.0.Alpha5/arquillian-testenricher-resource-1.0.0.Alpha5.jar:/Users/rcuprak/.m2/repository/org/glassfish/extras/glassfish-embedded-all/3.1/glassfish-embedded-all-3.1.jar:/Users/rcuprak/.m2/repository/javax/javaee-api/6.0/javaee-api-6.0.jar:/Users/rcuprak/.m2/repository/org/apache/commons/commons-email/1.1/commons-email-1.1.jar:/Users/rcuprak/.m2/repository/javax/mail/mail/1.4/mail-1.4.jar:/Users/rcuprak/.m2/repository/postgresql/postgresql/8.3-603.jdbc3/postgresql-8.3-603.jdbc3.jar:/Users/rcuprak/Projects/ActionBazaar/ActionBazaar/ActionBazaar-common/target/ActionBazaar-common.jar:/Users/rcuprak/.m2/repository/commons-validator/commons-validator/1.3.1/commons-validator-1.3.1.jar:/Users/rcuprak/.m2/repository/commons-beanutils/commons-beanutils/1.7.0/commons-beanutils-1.7.0.jar:/Users/rcuprak/.m2/repository/commons-digester/commons-digester/1.6/commons-digester-1.6.jar:/Users/rcuprak/.m2/repository/commons-collections/commons-collections/2.1/commons-collections-2.1.jar:/Users/rcuprak/.m2/repository/xml-apis/xml-apis/1.0.b2/xml-apis-1.0.b2.jar:/Users/rcuprak/.m2/repository/commons-logging/commons-logging/1.0.4/commons-logging-1.0.4.jar:/Users/rcuprak/.m2/repository/javax/activation/activation/1.1.1/activation-1.1.1.jar:"/>
    <property name="sun.java.command" value="/Users/rcuprak/Projects/ActionBazaar/ActionBazaar/ActionBazaar-ejb/target/surefire/surefirebooter7693311216644469512.jar /Users/rcuprak/Projects/ActionBazaar/ActionBazaar/ActionBazaar-ejb/target/surefire/surefire3631004794752117399tmp /Users/rcuprak/Projects/ActionBazaar/ActionBazaar/ActionBazaar-ejb/target/surefire/surefire3555166083530711747tmp"/>
    <property name="security.home" value="/var/folders/7t/g3k9cwhd31b47wqmwb_cljp80000gn/T/gfembed2486392496273581816tmp/modules/security"/>
    <property name="java.vm.specification.name" value="Java Virtual Machine Specification"/>
    <property name="java.vm.specification.version" value="1.0"/>
    <property name="javax.rmi.CORBA.PortableRemoteObjectClass" value="com.sun.corba.ee.impl.javax.rmi.PortableRemoteObject"/>
    <property name="catalina.home" value="/var/folders/7t/g3k9cwhd31b47wqmwb_cljp80000gn/T/gfembed2486392496273581816tmp"/>
    <property name="sun.os.patch.level" value="unknown"/>
    <property name="sun.cpu.endian" value="little"/>
    <property name="gosh.args" value="--nointeractive"/>
    <property name="surefire.test.class.path" value="/Users/rcuprak/Projects/ActionBazaar/ActionBazaar/ActionBazaar-ejb/target/test-classes:/Users/rcuprak/Projects/ActionBazaar/ActionBazaar/ActionBazaar-ejb/target/classes:/Users/rcuprak/.m2/repository/org/jboss/spec/javax/transaction/jboss-transaction-api_1.1_spec/1.0.0.Beta1/jboss-transaction-api_1.1_spec-1.0.0.Beta1.jar:/Users/rcuprak/.m2/repository/javax/xml/jaxrpc-api/1.1/jaxrpc-api-1.1.jar:/Users/rcuprak/.m2/repository/javax/xml/soap/saaj-api/1.3/saaj-api-1.3.jar:/Users/rcuprak/.m2/repository/org/jboss/interceptor/jboss-interceptor-api/1.1/jboss-interceptor-api-1.1.jar:/Users/rcuprak/.m2/repository/javax/annotation/jsr250-api/1.0/jsr250-api-1.0.jar:/Users/rcuprak/.m2/repository/javax/inject/javax.inject/1/javax.inject-1.jar:/Users/rcuprak/.m2/repository/junit/junit/4.8.1/junit-4.8.1.jar:/Users/rcuprak/.m2/repository/org/jboss/arquillian/arquillian-junit/1.0.0.Alpha5/arquillian-junit-1.0.0.Alpha5.jar:/Users/rcuprak/.m2/repository/org/jboss/arquillian/arquillian-impl-base/1.0.0.Alpha5/arquillian-impl-base-1.0.0.Alpha5.jar:/Users/rcuprak/.m2/repository/org/jboss/arquillian/arquillian-api/1.0.0.Alpha5/arquillian-api-1.0.0.Alpha5.jar:/Users/rcuprak/.m2/repository/org/jboss/shrinkwrap/descriptors/shrinkwrap-descriptors-api/0.1.4/shrinkwrap-descriptors-api-0.1.4.jar:/Users/rcuprak/.m2/repository/org/jboss/shrinkwrap/shrinkwrap-api/1.0.0-alpha-12/shrinkwrap-api-1.0.0-alpha-12.jar:/Users/rcuprak/.m2/repository/org/jboss/shrinkwrap/shrinkwrap-impl-base/1.0.0-alpha-12/shrinkwrap-impl-base-1.0.0-alpha-12.jar:/Users/rcuprak/.m2/repository/org/jboss/shrinkwrap/shrinkwrap-spi/1.0.0-alpha-12/shrinkwrap-spi-1.0.0-alpha-12.jar:/Users/rcuprak/.m2/repository/org/jboss/shrinkwrap/resolver/shrinkwrap-resolver-api/1.0.0-alpha-12/shrinkwrap-resolver-api-1.0.0-alpha-12.jar:/Users/rcuprak/.m2/repository/org/jboss/shrinkwrap/resolver/shrinkwrap-resolver-api-maven/1.0.0-alpha-12/shrinkwrap-resolver-api-maven-1.0.0-alpha-12.jar:/Users/rcuprak/.m2/repository/org/jboss/shrinkwrap/resolver/shrinkwrap-resolver-impl-maven/1.0.0-alpha-12/shrinkwrap-resolver-impl-maven-1.0.0-alpha-12.jar:/Users/rcuprak/.m2/repository/org/sonatype/aether/aether-api/1.8/aether-api-1.8.jar:/Users/rcuprak/.m2/repository/org/sonatype/aether/aether-util/1.8/aether-util-1.8.jar:/Users/rcuprak/.m2/repository/org/sonatype/aether/aether-connector-wagon/1.8/aether-connector-wagon-1.8.jar:/Users/rcuprak/.m2/repository/org/sonatype/aether/aether-spi/1.8/aether-spi-1.8.jar:/Users/rcuprak/.m2/repository/org/codehaus/plexus/plexus-container-default/1.5.5/plexus-container-default-1.5.5.jar:/Users/rcuprak/.m2/repository/org/codehaus/plexus/plexus-classworlds/2.2.2/plexus-classworlds-2.2.2.jar:/Users/rcuprak/.m2/repository/org/apache/xbean/xbean-reflect/3.4/xbean-reflect-3.4.jar:/Users/rcuprak/.m2/repository/log4j/log4j/1.2.12/log4j-1.2.12.jar:/Users/rcuprak/.m2/repository/commons-logging/commons-logging-api/1.1/commons-logging-api-1.1.jar:/Users/rcuprak/.m2/repository/com/google/collections/google-collections/1.0/google-collections-1.0.jar:/Users/rcuprak/.m2/repository/org/apache/maven/maven-aether-provider/3.0.1/maven-aether-provider-3.0.1.jar:/Users/rcuprak/.m2/repository/org/apache/maven/maven-model/3.0.1/maven-model-3.0.1.jar:/Users/rcuprak/.m2/repository/org/apache/maven/maven-model-builder/3.0.1/maven-model-builder-3.0.1.jar:/Users/rcuprak/.m2/repository/org/apache/maven/maven-repository-metadata/3.0.1/maven-repository-metadata-3.0.1.jar:/Users/rcuprak/.m2/repository/org/sonatype/aether/aether-impl/1.8/aether-impl-1.8.jar:/Users/rcuprak/.m2/repository/org/codehaus/plexus/plexus-component-annotations/1.5.5/plexus-component-annotations-1.5.5.jar:/Users/rcuprak/.m2/repository/org/codehaus/plexus/plexus-utils/2.0.4/plexus-utils-2.0.4.jar:/Users/rcuprak/.m2/repository/org/apache/maven/maven-settings-builder/3.0.1/maven-settings-builder-3.0.1.jar:/Users/rcuprak/.m2/repository/org/codehaus/plexus/plexus-interpolation/1.14/plexus-interpolation-1.14.jar:/Users/rcuprak/.m2/repository/org/apache/maven/maven-settings/3.0.1/maven-settings-3.0.1.jar:/Users/rcuprak/.m2/repository/org/sonatype/plexus/plexus-sec-dispatcher/1.3/plexus-sec-dispatcher-1.3.jar:/Users/rcuprak/.m2/repository/org/sonatype/plexus/plexus-cipher/1.4/plexus-cipher-1.4.jar:/Users/rcuprak/.m2/repository/org/apache/maven/wagon/wagon-provider-api/1.0-beta-7/wagon-provider-api-1.0-beta-7.jar:/Users/rcuprak/.m2/repository/org/apache/maven/wagon/wagon-file/1.0-beta-7/wagon-file-1.0-beta-7.jar:/Users/rcuprak/.m2/repository/org/apache/maven/wagon/wagon-http-lightweight/1.0-beta-7/wagon-http-lightweight-1.0-beta-7.jar:/Users/rcuprak/.m2/repository/org/apache/maven/wagon/wagon-http-shared/1.0-beta-7/wagon-http-shared-1.0-beta-7.jar:/Users/rcuprak/.m2/repository/org/jboss/arquillian/container/arquillian-glassfish-embedded-3.1/1.0.0.Alpha5/arquillian-glassfish-embedded-3.1-1.0.0.Alpha5.jar:/Users/rcuprak/.m2/repository/org/jboss/arquillian/arquillian-spi/1.0.0.Alpha5/arquillian-spi-1.0.0.Alpha5.jar:/Users/rcuprak/.m2/repository/org/jboss/shrinkwrap/shrinkwrap-extension-glassfish/1.0.0-alpha-12/shrinkwrap-extension-glassfish-1.0.0-alpha-12.jar:/Users/rcuprak/.m2/repository/org/jboss/arquillian/protocol/arquillian-protocol-servlet/1.0.0.Alpha5/arquillian-protocol-servlet-1.0.0.Alpha5.jar:/Users/rcuprak/.m2/repository/org/jboss/arquillian/testenricher/arquillian-testenricher-cdi/1.0.0.Alpha5/arquillian-testenricher-cdi-1.0.0.Alpha5.jar:/Users/rcuprak/.m2/repository/org/jboss/arquillian/testenricher/arquillian-testenricher-ejb/1.0.0.Alpha5/arquillian-testenricher-ejb-1.0.0.Alpha5.jar:/Users/rcuprak/.m2/repository/org/jboss/arquillian/testenricher/arquillian-testenricher-resource/1.0.0.Alpha5/arquillian-testenricher-resource-1.0.0.Alpha5.jar:/Users/rcuprak/.m2/repository/org/glassfish/extras/glassfish-embedded-all/3.1/glassfish-embedded-all-3.1.jar:/Users/rcuprak/.m2/repository/javax/javaee-api/6.0/javaee-api-6.0.jar:/Users/rcuprak/.m2/repository/org/apache/commons/commons-email/1.1/commons-email-1.1.jar:/Users/rcuprak/.m2/repository/javax/mail/mail/1.4/mail-1.4.jar:/Users/rcuprak/.m2/repository/postgresql/postgresql/8.3-603.jdbc3/postgresql-8.3-603.jdbc3.jar:/Users/rcuprak/Projects/ActionBazaar/ActionBazaar/ActionBazaar-common/target/ActionBazaar-common.jar:/Users/rcuprak/.m2/repository/commons-validator/commons-validator/1.3.1/commons-validator-1.3.1.jar:/Users/rcuprak/.m2/repository/commons-beanutils/commons-beanutils/1.7.0/commons-beanutils-1.7.0.jar:/Users/rcuprak/.m2/repository/commons-digester/commons-digester/1.6/commons-digester-1.6.jar:/Users/rcuprak/.m2/repository/commons-collections/commons-collections/2.1/commons-collections-2.1.jar:/Users/rcuprak/.m2/repository/xml-apis/xml-apis/1.0.b2/xml-apis-1.0.b2.jar:/Users/rcuprak/.m2/repository/commons-logging/commons-logging/1.0.4/commons-logging-1.0.4.jar:/Users/rcuprak/.m2/repository/javax/activation/activation/1.1.1/activation-1.1.1.jar:"/>
    <property name="java.io.tmpdir" value="/var/folders/7t/g3k9cwhd31b47wqmwb_cljp80000gn/T/"/>
    <property name="com.sun.jts.pi.CLIENT_POLICY_CHECKING" value="false"/>
    <property name="com.sun.aas.imqLib" value="/var/folders/7t/g3k9cwhd31b47wqmwb_cljp80000gn/T/gfembed2486392496273581816tmp/lib/install/applications/jmsra"/>
    <property name="java.vendor.url.bug" value="http://bugreport.apple.com/"/>
    <property name="server.loader" value="${catalina.home}/server/classes,${catalina.home}/server/lib/*.jar"/>
    <property name="mrj.build" value="11M3635"/>
    <property name="java.awt.graphicsenv" value="apple.awt.CGraphicsEnvironment"/>
    <property name="os.arch" value="x86_64"/>
    <property name="java.ext.dirs" value="/System/Library/Java/JavaVirtualMachines/1.6.0.jdk/Contents/Home/lib/ext:/System/Library/Java/JavaVirtualMachines/1.6.0.jdk/Contents/Home/jre/lib/ext:/var/folders/7t/g3k9cwhd31b47wqmwb_cljp80000gn/T/gfembed2486392496273581816tmp/lib/ext"/>
    <property name="felix.fileinstall.bundles.startTransient" value="true"/>
    <property name="ejb.home" value="/var/folders/7t/g3k9cwhd31b47wqmwb_cljp80000gn/T/gfembed2486392496273581816tmp/modules/ejb"/>
    <property name="user.dir" value="/Users/rcuprak/Projects/ActionBazaar/ActionBazaar/ActionBazaar-ejb"/>
    <property name="mrj.version" value="1070.1.6.0_31-415"/>
    <property name="com.sun.aas.instanceRoot" value="/var/folders/7t/g3k9cwhd31b47wqmwb_cljp80000gn/T/gfembed2486392496273581816tmp"/>
    <property name="line.separator" value="
"/>
    <property name="java.vm.name" value="Java HotSpot(TM) 64-Bit Server VM"/>
    <property name="glassfish.version" value="GlassFish Server Open Source Edition 3.1 (build java_re-private)"/>
    <property name="java.security.auth.login.config" value="/var/folders/7t/g3k9cwhd31b47wqmwb_cljp80000gn/T/gfembed2486392496273581816tmp/config/login.conf"/>
    <property name="basedir" value="/Users/rcuprak/Projects/ActionBazaar/ActionBazaar/ActionBazaar-ejb"/>
    <property name="javax.management.builder.initial" value="com.sun.enterprise.v3.admin.AppServerMBeanServerBuilder"/>
    <property name="file.encoding" value="MacRoman"/>
    <property name="com.sun.enterprise.security.httpsOutboundKeyAlias" value="s1as"/>
    <property name="org.omg.CORBA.ORBClass" value="com.sun.corba.ee.impl.orb.ORBImpl"/>
    <property name="ANTLR_USE_DIRECT_CLASS_LOADING" value="true"/>
    <property name="org.glassfish.additionalOSGiBundlesToStart" value="org.apache.felix.shell,org.apache.felix.gogo.runtime,org.apache.felix.gogo.shell,org.apache.felix.gogo.command"/>
    <property name="felix.fileinstall.bundles.new.start" value="true"/>
    <property name="java.specification.version" value="1.6"/>
    <property name="javax.net.ssl.trustStore" value="/var/folders/7t/g3k9cwhd31b47wqmwb_cljp80000gn/T/gfembed2486392496273581816tmp/config/cacerts.jks"/>
    <property name="jpa.home" value="/var/folders/7t/g3k9cwhd31b47wqmwb_cljp80000gn/T/gfembed2486392496273581816tmp/modules/jpa"/>
    <property name="osgi.shell.telnet.port" value="6666"/>
  </properties>
  <testcase time="0.782" classname="com.actionbazaar.persistence.BasicPersistenceTest" name="testPersistence"/>
  <testcase time="0.017" classname="com.actionbazaar.persistence.BasicPersistenceTest" name="testUserPersistence"/>
</testsuite>